Using pre-set license
Built from '2020.2/release' branch; Version is '2020.2.4f1 (becced5a802b) revision 12504301'; Using compiler version '192528614'; Build Type 'Release'
OS: 'Windows 10 Pro; OS build 19044.1645; Version 2009; 64bit' Language: 'en' Physical Memory: 8089 MB
BatchMode: 1, IsHumanControllingUs: 0, StartBugReporterOnCrash: 0, Is64bit: 1, IsPro: 0

 COMMAND LINE ARGUMENTS:
C:\Program Files\Unity\Hub\Editor\2020.2.4f1\Editor\Unity.exe
-adb2
-batchMode
-noUpm
-name
AssetImportWorker0
-projectPath
C:/JOEL/UNI/SISTEMES INTERACTIUS/Clean-lab-proyect-main
-logFile
Logs/AssetImportWorker0.log
-srvPort
51618
Successfully changed project path to: C:/JOEL/UNI/SISTEMES INTERACTIUS/Clean-lab-proyect-main
C:/JOEL/UNI/SISTEMES INTERACTIUS/Clean-lab-proyect-main
Using Asset Import Pipeline V2.
Refreshing native plugins compatible for Editor in 60.42 ms, found 0 plugins.
Preloading 0 native plugins for Editor in 0.00 ms.
Initialize engine version: 2020.2.4f1 (becced5a802b)
[Subsystems] Discovering subsystems at path C:/Program Files/Unity/Hub/Editor/2020.2.4f1/Editor/Data/Resources/UnitySubsystems
[Subsystems] Discovering subsystems at path C:/JOEL/UNI/SISTEMES INTERACTIUS/Clean-lab-proyect-main/Assets
GfxDevice: creating device client; threaded=0
Direct3D:
    Version:  Direct3D 11.0 [level 11.1]
    Renderer: Intel(R) HD Graphics Family (ID=0xa16)
    Vendor:   
    VRAM:     2048 MB
    Driver:   20.19.15.5126
Initialize mono
Mono path[0] = 'C:/Program Files/Unity/Hub/Editor/2020.2.4f1/Editor/Data/Managed'
Mono path[1] = 'C:/Program Files/Unity/Hub/Editor/2020.2.4f1/Editor/Data/MonoBleedingEdge/lib/mono/unityjit'
Mono config path = 'C:/Program Files/Unity/Hub/Editor/2020.2.4f1/Editor/Data/MonoBleedingEdge/etc'
Using monoOptions --debugger-agent=transport=dt_socket,embedding=1,server=y,suspend=n,address=127.0.0.1:56168
Begin MonoManager ReloadAssembly
Registering precompiled unity dll's ...
Register platform support module: C:/Program Files/Unity/Hub/Editor/2020.2.4f1/Editor/Data/PlaybackEngines/WindowsStandaloneSupport/UnityEditor.WindowsStandalone.Extensions.dll
Registered in 0.003931 seconds.
Native extension for WindowsStandalone target not found
Refreshing native plugins compatible for Editor in 67.97 ms, found 0 plugins.
Preloading 0 native plugins for Editor in 0.00 ms.
Invoked RoslynAnalysisRunner static constructor.
RoslynAnalysisRunner will not be running.
RoslynAnalysisRunner has terminated.
Mono: successfully reloaded assembly
- Completed reload, in  2.285 seconds
Platform modules already initialized, skipping
Registering precompiled user dll's ...
Registered in 0.003641 seconds.
Begin MonoManager ReloadAssembly
Native extension for WindowsStandalone target not found
Refreshing native plugins compatible for Editor in 1.05 ms, found 0 plugins.
Preloading 0 native plugins for Editor in 0.00 ms.
Invoked RoslynAnalysisRunner static constructor.
RoslynAnalysisRunner will not be running.
RoslynAnalysisRunner has terminated.
Mono: successfully reloaded assembly
- Completed reload, in  1.398 seconds
Platform modules already initialized, skipping
========================================================================
Worker process is ready to serve import requests
Launched and connected shader compiler UnityShaderCompiler.exe after 0.07 seconds
Refreshing native plugins compatible for Editor in 0.97 ms, found 0 plugins.
Preloading 0 native plugins for Editor in 0.00 ms.
Unloading 1402 Unused Serialized files (Serialized files now loaded: 0)
System memory in use before: 64.6 MB.
System memory in use after: 64.7 MB.

Unloading 33 unused Assets to reduce memory usage. Loaded Objects now: 1831.
Total: 3.011300 ms (FindLiveObjects: 0.333600 ms CreateObjectMapping: 0.131600 ms MarkObjects: 2.441100 ms  DeleteObjects: 0.102700 ms)

========================================================================
Received Import Request.
  path: Assets/Scenes/IntSysTemplate.unity
  artifactKey: Guid(28b01497748dc1a4599c1e6bca09c4a1) Importer(815301076,1909f56bfc062723c751e8b465ee728b)
Start importing Assets/Scenes/IntSysTemplate.unity using Guid(28b01497748dc1a4599c1e6bca09c4a1) Importer(815301076,1909f56bfc062723c751e8b465ee728b)  -> (artifact id: 'bad4dedbf3596fb0a493af60ea79368e') in 0.022139 seconds
  Import took 0.026518 seconds .

========================================================================
Received Import Request.
  Time since last request: 0.000331 seconds.
  path: Assets/Scenes
  artifactKey: Guid(509a1b279f18d0649ba039c3502b57c3) Importer(815301076,1909f56bfc062723c751e8b465ee728b)
Start importing Assets/Scenes using Guid(509a1b279f18d0649ba039c3502b57c3) Importer(815301076,1909f56bfc062723c751e8b465ee728b)  -> (artifact id: 'bcfaf06c9ee099c50864d515eda7a8bc') in 0.012197 seconds
  Import took 0.017663 seconds .

========================================================================
Received Import Request.
  Time since last request: 0.000243 seconds.
  path: Assets/Materials
  artifactKey: Guid(f1ea4846057723641a189556b4ec0588) Importer(815301076,1909f56bfc062723c751e8b465ee728b)
Start importing Assets/Materials using Guid(f1ea4846057723641a189556b4ec0588) Importer(815301076,1909f56bfc062723c751e8b465ee728b)  -> (artifact id: '99b6420d55df7b5457a8dc76dde790db') in 0.014729 seconds
  Import took 0.019223 seconds .

========================================================================
Received Import Request.
  Time since last request: 1.507194 seconds.
  path: Assets/Materials/Materials
  artifactKey: Guid(a9ee614f949db384f952b5308f406e2d) Importer(815301076,1909f56bfc062723c751e8b465ee728b)
Start importing Assets/Materials/Materials using Guid(a9ee614f949db384f952b5308f406e2d) Importer(815301076,1909f56bfc062723c751e8b465ee728b)  -> (artifact id: 'e712d3554c39973b370629abdc8e9fdd') in 0.006076 seconds
  Import took 0.010713 seconds .

========================================================================
Received Import Request.
  Time since last request: 0.104187 seconds.
  path: Assets/Materials/Materials/Player1.mat
  artifactKey: Guid(5e0c982ff48259d4bb9f3ac0dae89560) Importer(815301076,1909f56bfc062723c751e8b465ee728b)
Start importing Assets/Materials/Materials/Player1.mat using Guid(5e0c982ff48259d4bb9f3ac0dae89560) Importer(815301076,1909f56bfc062723c751e8b465ee728b)  -> (artifact id: 'b8386a82360490e8c3f064be0532a269') in 0.501142 seconds
  Import took 0.504636 seconds .

========================================================================
Received Import Request.
  Time since last request: 0.000458 seconds.
  path: Assets/Materials/Materials/Player4.mat
  artifactKey: Guid(e402d765cae98854fb06fd7bfbea6e79) Importer(815301076,1909f56bfc062723c751e8b465ee728b)
Start importing Assets/Materials/Materials/Player4.mat using Guid(e402d765cae98854fb06fd7bfbea6e79) Importer(815301076,1909f56bfc062723c751e8b465ee728b)  -> (artifact id: 'bfaa2884fb7ec77b47e9ee73298ea27c') in 0.024966 seconds
  Import took 0.028969 seconds .

========================================================================
Received Import Request.
  Time since last request: 0.000270 seconds.
  path: Assets/Materials/Materials/Player2.mat
  artifactKey: Guid(f98db2a6cdff5104d9d49a1db805c633) Importer(815301076,1909f56bfc062723c751e8b465ee728b)
Start importing Assets/Materials/Materials/Player2.mat using Guid(f98db2a6cdff5104d9d49a1db805c633) Importer(815301076,1909f56bfc062723c751e8b465ee728b)  -> (artifact id: 'a8564c3e36e83b9db42d407cc46ce8cb') in 0.025341 seconds
  Import took 0.030395 seconds .

========================================================================
Received Import Request.
  Time since last request: 0.000261 seconds.
  path: Assets/Materials/Materials/Player3.mat
  artifactKey: Guid(c2f9c3d3dcc7e6648a24a1445f06915e) Importer(815301076,1909f56bfc062723c751e8b465ee728b)
Start importing Assets/Materials/Materials/Player3.mat using Guid(c2f9c3d3dcc7e6648a24a1445f06915e) Importer(815301076,1909f56bfc062723c751e8b465ee728b)  -> (artifact id: '8228a0c2530a304a17faffb7beccc60b') in 0.029690 seconds
  Import took 0.035674 seconds .

========================================================================
Received Import Request.
  Time since last request: 2.230862 seconds.
  path: Assets/prefabs
  artifactKey: Guid(57795631c3de0304ead59cf23f368391) Importer(815301076,1909f56bfc062723c751e8b465ee728b)
Start importing Assets/prefabs using Guid(57795631c3de0304ead59cf23f368391) Importer(815301076,1909f56bfc062723c751e8b465ee728b)  -> (artifact id: '944f19ac86743ad685fd274392a42fd5') in 0.009411 seconds
  Import took 0.013309 seconds .

========================================================================
Received Import Request.
  Time since last request: 0.466010 seconds.
  path: Assets/prefabs/Blue Player Variant.prefab
  artifactKey: Guid(a2aaaa094093a294aade9f5a5ce62bbb) Importer(815301076,1909f56bfc062723c751e8b465ee728b)
Start importing Assets/prefabs/Blue Player Variant.prefab using Guid(a2aaaa094093a294aade9f5a5ce62bbb) Importer(815301076,1909f56bfc062723c751e8b465ee728b)  -> (artifact id: 'b654aa79354549933bda0f3738f02091') in 0.021218 seconds
  Import took 0.024688 seconds .

========================================================================
Received Import Request.
  Time since last request: 0.000300 seconds.
  path: Assets/prefabs/Player.prefab
  artifactKey: Guid(cd1cb5635f8dbe649adff6525a31cfd3) Importer(815301076,1909f56bfc062723c751e8b465ee728b)
Start importing Assets/prefabs/Player.prefab using Guid(cd1cb5635f8dbe649adff6525a31cfd3) Importer(815301076,1909f56bfc062723c751e8b465ee728b)  -> (artifact id: 'b02d7c9f7522314ab1631abccbf4c901') in 0.013628 seconds
  Import took 0.018291 seconds .

========================================================================
Received Import Request.
  Time since last request: 5.123062 seconds.
  path: Assets/prefabs/utilities
  artifactKey: Guid(19f94f0383e31074fb5195037cba0f89) Importer(815301076,1909f56bfc062723c751e8b465ee728b)
Start importing Assets/prefabs/utilities using Guid(19f94f0383e31074fb5195037cba0f89) Importer(815301076,1909f56bfc062723c751e8b465ee728b)  -> (artifact id: '04fb7cf0c7530455f50c7aa7e69ffedb') in 0.014826 seconds
  Import took 0.021807 seconds .

========================================================================
Received Import Request.
  Time since last request: 0.003128 seconds.
  path: Assets/prefabs/utilities
  artifactKey: Guid(19f94f0383e31074fb5195037cba0f89) Importer(815301076,1909f56bfc062723c751e8b465ee728b)
Start importing Assets/prefabs/utilities using Guid(19f94f0383e31074fb5195037cba0f89) Importer(815301076,1909f56bfc062723c751e8b465ee728b)  -> (artifact id: '04fb7cf0c7530455f50c7aa7e69ffedb') in 0.004464 seconds
  Import took 0.009687 seconds .

========================================================================
Received Import Request.
  Time since last request: 0.107512 seconds.
  path: Assets/prefabs/utilities/Cameras.prefab
  artifactKey: Guid(351674f5e385dab489810361428275cc) Importer(815301076,1909f56bfc062723c751e8b465ee728b)
Start importing Assets/prefabs/utilities/Cameras.prefab using Guid(351674f5e385dab489810361428275cc) Importer(815301076,1909f56bfc062723c751e8b465ee728b)  -> (artifact id: '008f18ab7a7f4b3bfde3a7178de1b6d7') in 0.013034 seconds
  Import took 0.016372 seconds .

========================================================================
Received Import Request.
  Time since last request: 0.000449 seconds.
  path: Assets/prefabs/utilities/Indicator.prefab
  artifactKey: Guid(d934f33a759114db5b98652ef68184d8) Importer(815301076,1909f56bfc062723c751e8b465ee728b)
Start importing Assets/prefabs/utilities/Indicator.prefab using Guid(d934f33a759114db5b98652ef68184d8) Importer(815301076,1909f56bfc062723c751e8b465ee728b)  -> (artifact id: 'c1398e61050f82b81e3f0faba6dd7a5f') in 0.015608 seconds
  Import took 0.019250 seconds .

========================================================================
Received Import Request.
  Time since last request: 0.000255 seconds.
  path: Assets/prefabs/utilities/Worldbackground 1.prefab
  artifactKey: Guid(bd1650f8142a267469db14e83393d4de) Importer(815301076,1909f56bfc062723c751e8b465ee728b)
Start importing Assets/prefabs/utilities/Worldbackground 1.prefab using Guid(bd1650f8142a267469db14e83393d4de) Importer(815301076,1909f56bfc062723c751e8b465ee728b)  -> (artifact id: '1f3fc536a1e512afc93d8e89a04b0734') in 0.020896 seconds
  Import took 0.025498 seconds .

========================================================================
Received Import Request.
  Time since last request: 0.000464 seconds.
  path: Assets/prefabs/utilities/Obscuring field.prefab
  artifactKey: Guid(0990423822644ae41a02fa5d259694b7) Importer(815301076,1909f56bfc062723c751e8b465ee728b)
Start importing Assets/prefabs/utilities/Obscuring field.prefab using Guid(0990423822644ae41a02fa5d259694b7) Importer(815301076,1909f56bfc062723c751e8b465ee728b)  -> (artifact id: 'f1d422617a01b1359c4620cdd89f567f') in 0.028689 seconds
  Import took 0.033620 seconds .

========================================================================
Received Import Request.
  Time since last request: 0.000307 seconds.
  path: Assets/prefabs/utilities/Worldbackground.prefab
  artifactKey: Guid(28493f9996076784bafd83ac29bbd89f) Importer(815301076,1909f56bfc062723c751e8b465ee728b)
Start importing Assets/prefabs/utilities/Worldbackground.prefab using Guid(28493f9996076784bafd83ac29bbd89f) Importer(815301076,1909f56bfc062723c751e8b465ee728b)  -> (artifact id: '23e4c4a967d1474abb033fcd466f0b86') in 0.016459 seconds
  Import took 0.022035 seconds .

========================================================================
Received Prepare
Registering precompiled user dll's ...
Registered in 0.003232 seconds.
Begin MonoManager ReloadAssembly
Native extension for WindowsStandalone target not found
Refreshing native plugins compatible for Editor in 0.52 ms, found 0 plugins.
Preloading 0 native plugins for Editor in 0.00 ms.
Invoked RoslynAnalysisRunner static constructor.
RoslynAnalysisRunner will not be running.
RoslynAnalysisRunner has terminated.
Mono: successfully reloaded assembly
- Completed reload, in  1.501 seconds
Platform modules already initialized, skipping
Refreshing native plugins compatible for Editor in 0.82 ms, found 0 plugins.
Preloading 0 native plugins for Editor in 0.00 ms.
Unloading 1396 Unused Serialized files (Serialized files now loaded: 0)
System memory in use before: 67.9 MB.
System memory in use after: 68.0 MB.

Unloading 24 unused Assets to reduce memory usage. Loaded Objects now: 1874.
Total: 2.503400 ms (FindLiveObjects: 0.250300 ms CreateObjectMapping: 0.106400 ms MarkObjects: 2.114100 ms  DeleteObjects: 0.030600 ms)

========================================================================
Received Prepare
Registering precompiled user dll's ...
Registered in 0.002945 seconds.
Begin MonoManager ReloadAssembly
Native extension for WindowsStandalone target not found
Refreshing native plugins compatible for Editor in 0.58 ms, found 0 plugins.
Preloading 0 native plugins for Editor in 0.00 ms.
Invoked RoslynAnalysisRunner static constructor.
RoslynAnalysisRunner will not be running.
RoslynAnalysisRunner has terminated.
Mono: successfully reloaded assembly
- Completed reload, in  1.211 seconds
Platform modules already initialized, skipping
Refreshing native plugins compatible for Editor in 0.97 ms, found 0 plugins.
Preloading 0 native plugins for Editor in 0.00 ms.
Unloading 1396 Unused Serialized files (Serialized files now loaded: 0)
System memory in use before: 67.9 MB.
System memory in use after: 68.0 MB.

Unloading 24 unused Assets to reduce memory usage. Loaded Objects now: 1876.
Total: 2.833000 ms (FindLiveObjects: 0.315300 ms CreateObjectMapping: 0.121200 ms MarkObjects: 2.358900 ms  DeleteObjects: 0.035400 ms)

========================================================================
Received Prepare
Registering precompiled user dll's ...
Registered in 0.004401 seconds.
Begin MonoManager ReloadAssembly
Native extension for WindowsStandalone target not found
Refreshing native plugins compatible for Editor in 0.50 ms, found 0 plugins.
Preloading 0 native plugins for Editor in 0.00 ms.
Invoked RoslynAnalysisRunner static constructor.
RoslynAnalysisRunner will not be running.
RoslynAnalysisRunner has terminated.
Mono: successfully reloaded assembly
- Completed reload, in  1.210 seconds
Platform modules already initialized, skipping
Refreshing native plugins compatible for Editor in 1.00 ms, found 0 plugins.
Preloading 0 native plugins for Editor in 0.00 ms.
Unloading 1396 Unused Serialized files (Serialized files now loaded: 0)
System memory in use before: 67.9 MB.
System memory in use after: 68.0 MB.

Unloading 24 unused Assets to reduce memory usage. Loaded Objects now: 1878.
Total: 2.634900 ms (FindLiveObjects: 0.317800 ms CreateObjectMapping: 0.125500 ms MarkObjects: 2.156400 ms  DeleteObjects: 0.032800 ms)

========================================================================
Received Prepare
Registering precompiled user dll's ...
Registered in 0.003826 seconds.
Begin MonoManager ReloadAssembly
Native extension for WindowsStandalone target not found
Refreshing native plugins compatible for Editor in 0.50 ms, found 0 plugins.
Preloading 0 native plugins for Editor in 0.00 ms.
Invoked RoslynAnalysisRunner static constructor.
RoslynAnalysisRunner will not be running.
RoslynAnalysisRunner has terminated.
Mono: successfully reloaded assembly
- Completed reload, in  1.229 seconds
Platform modules already initialized, skipping
Refreshing native plugins compatible for Editor in 0.92 ms, found 0 plugins.
Preloading 0 native plugins for Editor in 0.00 ms.
Unloading 1396 Unused Serialized files (Serialized files now loaded: 0)
System memory in use before: 67.9 MB.
System memory in use after: 68.0 MB.

Unloading 24 unused Assets to reduce memory usage. Loaded Objects now: 1880.
Total: 3.380000 ms (FindLiveObjects: 0.343100 ms CreateObjectMapping: 0.096200 ms MarkObjects: 2.879000 ms  DeleteObjects: 0.059400 ms)

========================================================================
Received Prepare
Registering precompiled user dll's ...
Registered in 0.003883 seconds.
Begin MonoManager ReloadAssembly
Native extension for WindowsStandalone target not found
Refreshing native plugins compatible for Editor in 0.68 ms, found 0 plugins.
Preloading 0 native plugins for Editor in 0.00 ms.
Invoked RoslynAnalysisRunner static constructor.
RoslynAnalysisRunner will not be running.
RoslynAnalysisRunner has terminated.
Mono: successfully reloaded assembly
- Completed reload, in  1.363 seconds
Platform modules already initialized, skipping
Refreshing native plugins compatible for Editor in 0.82 ms, found 0 plugins.
Preloading 0 native plugins for Editor in 0.00 ms.
Unloading 1396 Unused Serialized files (Serialized files now loaded: 0)
System memory in use before: 67.9 MB.
System memory in use after: 68.0 MB.

Unloading 24 unused Assets to reduce memory usage. Loaded Objects now: 1882.
Total: 2.466800 ms (FindLiveObjects: 0.405700 ms CreateObjectMapping: 0.109900 ms MarkObjects: 1.923400 ms  DeleteObjects: 0.025700 ms)

========================================================================
Received Prepare
Registering precompiled user dll's ...
Registered in 0.003205 seconds.
Begin MonoManager ReloadAssembly
Native extension for WindowsStandalone target not found
Refreshing native plugins compatible for Editor in 0.51 ms, found 0 plugins.
Preloading 0 native plugins for Editor in 0.00 ms.
Invoked RoslynAnalysisRunner static constructor.
RoslynAnalysisRunner will not be running.
RoslynAnalysisRunner has terminated.
Mono: successfully reloaded assembly
- Completed reload, in  1.291 seconds
Platform modules already initialized, skipping
Refreshing native plugins compatible for Editor in 0.84 ms, found 0 plugins.
Preloading 0 native plugins for Editor in 0.00 ms.
Unloading 1396 Unused Serialized files (Serialized files now loaded: 0)
System memory in use before: 68.0 MB.
System memory in use after: 68.1 MB.

Unloading 24 unused Assets to reduce memory usage. Loaded Objects now: 1884.
Total: 2.985400 ms (FindLiveObjects: 0.297400 ms CreateObjectMapping: 0.093800 ms MarkObjects: 2.549600 ms  DeleteObjects: 0.041800 ms)

========================================================================
Received Prepare
Registering precompiled user dll's ...
Registered in 0.003579 seconds.
Begin MonoManager ReloadAssembly
Native extension for WindowsStandalone target not found
Refreshing native plugins compatible for Editor in 0.63 ms, found 0 plugins.
Preloading 0 native plugins for Editor in 0.00 ms.
Invoked RoslynAnalysisRunner static constructor.
RoslynAnalysisRunner will not be running.
RoslynAnalysisRunner has terminated.
Mono: successfully reloaded assembly
- Completed reload, in  1.127 seconds
Platform modules already initialized, skipping
Refreshing native plugins compatible for Editor in 0.82 ms, found 0 plugins.
Preloading 0 native plugins for Editor in 0.00 ms.
Unloading 1396 Unused Serialized files (Serialized files now loaded: 0)
System memory in use before: 68.0 MB.
System memory in use after: 68.1 MB.

Unloading 24 unused Assets to reduce memory usage. Loaded Objects now: 1886.
Total: 2.345400 ms (FindLiveObjects: 0.294300 ms CreateObjectMapping: 0.088300 ms MarkObjects: 1.919800 ms  DeleteObjects: 0.041000 ms)

AssetImportWorkerClient::OnTransportError - code=2 error=End of file
